faiss library not installed; FaissStore will use in-memory fallback
[2025-12-23 13:17:01] INFO: [LOCK] Acquired executor lock for run_id=build127-phase1-self-healing-governance (PID=93512, host=Harry)
[2025-12-23 13:17:01] INFO: Applying pre-emptive encoding fix...
[2025-12-23 13:17:01] INFO: [Recovery] Fixing Unicode encoding error...
[2025-12-23 13:17:01] INFO: [Recovery] SUCCESS: Encoding fixed (UTF-8 enabled)
[2025-12-23 13:17:01] INFO: Database tables initialized
[2025-12-23 13:17:01] INFO: Loaded BuilderOutputConfig: max_lines_for_full_file=1000, max_lines_hard_limit=1000
[2025-12-23 13:17:01] INFO: Doctor execute_fix enabled: True
[2025-12-23 13:17:01] INFO: FileSizeTelemetry initialized: .autonomous_runs\autopack\file_size_telemetry.jsonl
[2025-12-23 13:17:07] INFO: [Qdrant] Connected to localhost:6333
[2025-12-23 13:17:07] INFO: [MemoryService] Using Qdrant backend
[2025-12-23 13:17:11] ERROR: [Qdrant] Failed to ensure collection 'code_docs': [WinError 10061] No connection could be made because the target machine actively refused it
[2025-12-23 13:17:11] WARNING: MemoryService initialization failed, running without memory: [WinError 10061] No connection could be made because the target machine actively refused it
[2025-12-23 13:17:11] INFO: [FileLayout] Project: autopack, Family: build127-phase1-self-healing-governance, Base: .autonomous_runs\autopack\runs\build127-phase1-self-healing-governance
[2025-12-23 13:17:11] INFO: Initialized autonomous executor for run: build127-phase1-self-healing-governance
[2025-12-23 13:17:11] INFO: API URL: http://localhost:8000
[2025-12-23 13:17:11] INFO: Workspace: .
[2025-12-23 13:17:11] INFO: Running proactive startup checks from DEBUG_JOURNAL.md...
[2025-12-23 13:17:11] INFO: [HIGH] Checking: Windows Unicode Fix (PYTHONUTF8)
[2025-12-23 13:17:11] INFO:   Reason: Prevents UnicodeEncodeError with emoji characters in logs (Issue #3)
[2025-12-23 13:17:11] INFO:   Check PASSED
[2025-12-23 13:17:11] INFO: Startup checks complete
[2025-12-23 13:17:12] INFO: [BUILD-123v2] Manifest generator initialized (deterministic scope generation)
[2025-12-23 13:17:12] INFO: [HealthCheck:T0] API Keys: PASSED (0ms) - All required API keys present
[2025-12-23 13:17:12] INFO: [HealthCheck:T0] Database: PASSED (0ms) - Database accessible: C:\dev\Autopack\autopack.db
[2025-12-23 13:17:12] INFO: [HealthCheck:T0] Workspace: PASSED (0ms) - Workspace valid: C:\dev\Autopack
[2025-12-23 13:17:12] INFO: [HealthCheck:T0] Config: PASSED (90ms) - Configuration files valid
[2025-12-23 13:17:12] INFO: Starting autonomous execution loop...
[2025-12-23 13:17:12] INFO: Poll interval: 10s
[2025-12-23 13:17:14] INFO: API server is already running
[2025-12-23 13:17:14] INFO: Initializing infrastructure...
[2025-12-23 13:17:19] INFO: LlmService: Initialized with ModelRouter and UsageRecorder
[2025-12-23 13:17:19] INFO: Quality Gate: Initialized
[2025-12-23 13:17:19] INFO: Iteration 1: Fetching run status...
[2025-12-23 13:17:21] INFO: [GoalAnchor] Initialized: Implement authoritative completion gates and governance negotiation to prevent false completions and...
[2025-12-23 13:17:21] INFO: No more executable phases, execution complete
[2025-12-23 13:17:21] INFO: Autonomous execution loop finished
[2025-12-23 13:17:21] INFO: [ARCHIVE_CONSOLIDATOR] Logged build event: RUN_COMPLETE
[2025-12-23 13:17:21] WARNING: Failed to write run_summary from executor: name 'models' is not defined
[2025-12-23 13:17:21] INFO: Learning Pipeline: Promoted 115 hints to persistent project rules
[2025-12-23 13:17:21] INFO: Learning Pipeline: Marked rules updated (total: 75 rules)
[2025-12-23 13:17:21] INFO: [PLANNING NOTICE] 115 new rules promoted. Future planning should incorporate 75 total project rules.
[2025-12-23 13:17:21] INFO: [LOCK] Released executor lock for run_id=build127-phase1-self-healing-governance (PID=93512)
