faiss library not installed; FaissStore will use in-memory fallback
[2025-12-23 14:29:48] INFO: [LOCK] Acquired executor lock for run_id=build130-schema-validation-prevention (PID=118872, host=Harry)
[2025-12-23 14:29:48] INFO: Applying pre-emptive encoding fix...
[2025-12-23 14:29:48] INFO: [Recovery] Fixing Unicode encoding error...
[2025-12-23 14:29:48] INFO: [Recovery] SUCCESS: Encoding fixed (UTF-8 enabled)
[2025-12-23 14:29:48] INFO: Database tables initialized
[2025-12-23 14:29:48] INFO: Loaded BuilderOutputConfig: max_lines_for_full_file=1000, max_lines_hard_limit=1000
[2025-12-23 14:29:48] INFO: Doctor execute_fix enabled: True
[2025-12-23 14:29:48] INFO: FileSizeTelemetry initialized: .autonomous_runs\autopack\file_size_telemetry.jsonl
[2025-12-23 14:29:54] INFO: [Qdrant] Connected to localhost:6333
[2025-12-23 14:29:54] INFO: [MemoryService] Using Qdrant backend
[2025-12-23 14:29:58] ERROR: [Qdrant] Failed to ensure collection 'code_docs': [WinError 10061] No connection could be made because the target machine actively refused it
[2025-12-23 14:29:58] WARNING: MemoryService initialization failed, running without memory: [WinError 10061] No connection could be made because the target machine actively refused it
[2025-12-23 14:29:58] INFO: [FileLayout] Project: autopack, Family: build130-schema-validation-prevention, Base: .autonomous_runs\autopack\runs\build130-schema-validation-prevention
[2025-12-23 14:29:58] INFO: Initialized autonomous executor for run: build130-schema-validation-prevention
[2025-12-23 14:29:58] INFO: API URL: http://localhost:8000
[2025-12-23 14:29:58] INFO: Workspace: .
[2025-12-23 14:29:58] INFO: Running proactive startup checks from DEBUG_JOURNAL.md...
[2025-12-23 14:29:58] INFO: [HIGH] Checking: Windows Unicode Fix (PYTHONUTF8)
[2025-12-23 14:29:58] INFO:   Reason: Prevents UnicodeEncodeError with emoji characters in logs (Issue #3)
[2025-12-23 14:29:58] INFO:   Check PASSED
[2025-12-23 14:29:58] INFO: Startup checks complete
[2025-12-23 14:29:59] INFO: [BUILD-123v2] Manifest generator initialized (deterministic scope generation)
[2025-12-23 14:29:59] INFO: [HealthCheck:T0] API Keys: PASSED (0ms) - All required API keys present
[2025-12-23 14:29:59] INFO: [HealthCheck:T0] Database: PASSED (1ms) - Database accessible: C:\dev\Autopack\autopack.db
[2025-12-23 14:29:59] INFO: [HealthCheck:T0] Workspace: PASSED (0ms) - Workspace valid: C:\dev\Autopack
[2025-12-23 14:29:59] INFO: [HealthCheck:T0] Config: PASSED (63ms) - Configuration files valid
[2025-12-23 14:29:59] INFO: Starting autonomous execution loop...
[2025-12-23 14:29:59] INFO: Poll interval: 10s
[2025-12-23 14:30:01] INFO: API server is already running
[2025-12-23 14:30:01] INFO: Initializing infrastructure...
[2025-12-23 14:30:05] INFO: LlmService: Initialized with ModelRouter and UsageRecorder
[2025-12-23 14:30:05] INFO: Quality Gate: Initialized
[2025-12-23 14:30:05] INFO: Iteration 1: Fetching run status...
[2025-12-23 14:30:07] INFO: [GoalAnchor] Initialized: Implement error classification system to prevent infinite retry loops on deterministic failures....
[2025-12-23 14:30:07] INFO: No more executable phases, execution complete
[2025-12-23 14:30:07] INFO: Autonomous execution loop finished
[2025-12-23 14:30:07] INFO: [ARCHIVE_CONSOLIDATOR] Logged build event: RUN_COMPLETE
[2025-12-23 14:30:07] WARNING: Failed to write run_summary from executor: name 'models' is not defined
[2025-12-23 14:30:07] INFO: Learning Pipeline: Promoted 3 hints to persistent project rules
[2025-12-23 14:30:07] INFO: Learning Pipeline: Marked rules updated (total: 78 rules)
[2025-12-23 14:30:07] INFO: [PLANNING NOTICE] 3 new rules promoted. Future planning should incorporate 78 total project rules.
[2025-12-23 14:30:07] INFO: [LOCK] Released executor lock for run_id=build130-schema-validation-prevention (PID=118872)
