faiss library not installed; FaissStore will use in-memory fallback
[2025-12-21 12:42:05] INFO: [LOCK] Acquired executor lock for run_id=diagnostics-parity-phases-124 (PID=69808, host=Harry)
[2025-12-21 12:42:05] INFO: Applying pre-emptive encoding fix...
[2025-12-21 12:42:05] INFO: [Recovery] Fixing Unicode encoding error...
[2025-12-21 12:42:05] INFO: [Recovery] SUCCESS: Encoding fixed (UTF-8 enabled)
[2025-12-21 12:42:05] INFO: Database tables initialized
[2025-12-21 12:42:05] INFO: Loaded BuilderOutputConfig: max_lines_for_full_file=1000, max_lines_hard_limit=1000
[2025-12-21 12:42:05] INFO: Doctor execute_fix enabled: True
[2025-12-21 12:42:05] INFO: FileSizeTelemetry initialized: .autonomous_runs\autopack\file_size_telemetry.jsonl
[2025-12-21 12:42:11] INFO: [Qdrant] Connected to localhost:6333
[2025-12-21 12:42:11] INFO: [MemoryService] Using Qdrant backend
[2025-12-21 12:42:15] ERROR: [Qdrant] Failed to ensure collection 'code_docs': [WinError 10061] No connection could be made because the target machine actively refused it
[2025-12-21 12:42:15] WARNING: MemoryService initialization failed, running without memory: [WinError 10061] No connection could be made because the target machine actively refused it
[2025-12-21 12:42:15] INFO: [FileLayout] Project: autopack, Family: diagnostics-parity-phases-124, Base: .autonomous_runs\autopack\runs\diagnostics-parity-phases-124
[2025-12-21 12:42:15] INFO: Initialized autonomous executor for run: diagnostics-parity-phases-124
[2025-12-21 12:42:15] INFO: API URL: http://127.0.0.1:8001
[2025-12-21 12:42:15] INFO: Workspace: .
[2025-12-21 12:42:15] INFO: Running proactive startup checks from DEBUG_JOURNAL.md...
[2025-12-21 12:42:15] INFO: [HIGH] Checking: Windows Unicode Fix (PYTHONUTF8)
[2025-12-21 12:42:15] INFO:   Reason: Prevents UnicodeEncodeError with emoji characters in logs (Issue #3)
[2025-12-21 12:42:15] INFO:   Check PASSED
[2025-12-21 12:42:15] INFO: Startup checks complete
[2025-12-21 12:42:15] INFO: [HealthCheck:T0] API Keys: PASSED (0ms) - All required API keys present
[2025-12-21 12:42:15] INFO: [HealthCheck:T0] Database: PASSED (0ms) - Database accessible: c:\dev\Autopack\autopack.db
[2025-12-21 12:42:15] INFO: [HealthCheck:T0] Workspace: PASSED (0ms) - Workspace valid: c:\dev\Autopack
[2025-12-21 12:42:15] INFO: [HealthCheck:T0] Config: PASSED (36ms) - Configuration files valid
[2025-12-21 12:42:15] INFO: Starting autonomous execution loop...
[2025-12-21 12:42:15] INFO: Poll interval: 10s
[2025-12-21 12:42:15] INFO: Max iterations: 20
[2025-12-21 12:42:15] INFO: API server is already running
[2025-12-21 12:42:15] INFO: Initializing infrastructure...
[2025-12-21 12:42:18] INFO: LlmService: Initialized with ModelRouter and UsageRecorder
[2025-12-21 12:42:18] INFO: Quality Gate: Initialized
[2025-12-21 12:42:18] INFO: Iteration 1: Fetching run status...
[2025-12-21 12:42:18] INFO: [GoalAnchor] Initialized: Diagnostics Parity (Stage 1B): Cursor-ready prompt generator....
[2025-12-21 12:42:18] INFO: [diagnostics-handoff-bundle] Found executable phase: state=PhaseState.QUEUED, attempts=0/None
[2025-12-21 12:42:18] INFO: [BUILD-041] Next phase: diagnostics-handoff-bundle
[2025-12-21 12:42:18] WARNING: [diagnostics-handoff-bundle] Phase has already exhausted all attempts (5/5). Marking as FAILED.
[2025-12-21 12:42:18] INFO: [diagnostics-handoff-bundle] Marked FAILED in database (reason: MAX_ATTEMPTS_EXHAUSTED)
[2025-12-21 12:42:18] WARNING: Phase diagnostics-handoff-bundle finished with status: FAILED
[2025-12-21 12:42:18] INFO: Waiting 10s before next phase...
[2025-12-21 12:42:28] INFO: Iteration 2: Fetching run status...
[2025-12-21 12:42:28] INFO: No more executable phases, execution complete
[2025-12-21 12:42:28] INFO: Autonomous execution loop finished
[2025-12-21 12:42:28] INFO: [ARCHIVE_CONSOLIDATOR] Logged build event: RUN_COMPLETE
[2025-12-21 12:42:28] INFO: Learning Pipeline: Promoted 19 hints to persistent project rules
[2025-12-21 12:42:28] INFO: Learning Pipeline: Marked rules updated (total: 70 rules)
[2025-12-21 12:42:28] INFO: [PLANNING NOTICE] 19 new rules promoted. Future planning should incorporate 70 total project rules.
[2025-12-21 12:42:28] INFO: [LOCK] Released executor lock for run_id=diagnostics-parity-phases-124 (PID=69808)
