
================================================================================
EXECUTING CLEANUP V2
================================================================================

================================================================================
PHASE 1: ROOT DIRECTORY CLEANUP - CONSOLIDATE TO docs/
================================================================================

[1.1] Moving truth source .md files to docs/

[1.2] Moving ruleset/config .json files to docs/

[1.3] Moving API specifications to docs/api/

[1.4] Moving diagnostic data to archive/diagnostics/

[1.5] Archiving obsolete documentation files

[PHASE 1] Summary:
  - Moved 0 truth source .md files to docs/
  - Moved 0 ruleset .json files to docs/
  - Moved 0 API specs to docs/api/
  - Moved 0 diagnostic files to archive/
  - Archived 0 obsolete docs
  NOTE: Root README.md stays as quick-start (will link to docs/README.md)

[GIT] Created checkpoint: cleanup-v2: phase 1 - organize root directory files

================================================================================
PHASE 2: ARCHIVE RESTRUCTURING
================================================================================

[2.1] Handling archive/src/
  [SKIP] archive/src/ does not exist

[2.2] Grouping runs by project
  Moved 0 file-organizer runs

  [2.2.1] Flattening nested folders

[2.3] Flattening superseded nested structures
  Found nested .autonomous_runs/ inside superseded/
    Flattening: codex_delegations\CODEX_DELEGATION_REQUEST_20251128_103034.md
    Flattening: codex_delegations\CODEX_DELEGATION_REQUEST_20251128_133149.md
    Flattening: codex_delegations\CODEX_DELEGATION_RESULT_20251128_103034.md
    Flattening: codex_delegations\CODEX_DELEGATION_RESULT_20251128_133149.md
  [OK] Flattened and removed nested .autonomous_runs/
  Found nested archive/ inside superseded/
    Flattening: WHATS_LEFT_TO_BUILD.md
    Flattening: WHATS_LEFT_TO_BUILD_MAINTENANCE.md
  [OK] Flattened and removed nested archive/

[2.4] Renaming diagnostic data folder
  [SKIP] Already renamed or doesn't exist

[PHASE 2] Complete

[GIT] No changes to commit

================================================================================
PHASE 3: .AUTONOMOUS_RUNS CLEANUP
================================================================================

[3.1] Renaming checkpoints folder
  [SKIP] Already renamed or doesn't exist

[3.2] Consolidating file-organizer truth sources to docs/
  README.md exists in both locations - keeping docs/ version
  Creating quick-start README.md at project root
  [OK] project_learned_rules.json already in docs/

[3.3] Handling Autopack folder

[PHASE 3] Complete

[GIT] No changes to commit

================================================================================
PHASE 4: RESTORE TRUTH SOURCE DOCUMENTATION
================================================================================

[4.1] Autopack Documentation - Restoring archived truth sources
  [SKIP] DEPLOYMENT_GUIDE.md already in docs/

[4.2] CONSOLIDATED_*.md Files - Moving to docs/ for easy access
  Note: These are frequently-referenced living documents
        Moving from archive/reports/ and archive/research/ to docs/
  CONSOLIDATED_CORRESPONDENCE.md <- archive\reports\CONSOLIDATED_CORRESPONDENCE.md
  CONSOLIDATED_MISC.md <- archive\reports\CONSOLIDATED_MISC.md
  CONSOLIDATED_REFERENCE.md <- archive\reports\CONSOLIDATED_REFERENCE.md
  CONSOLIDATED_RESEARCH.md <- archive\research\CONSOLIDATED_RESEARCH.md
  CONSOLIDATED_STRATEGY.md <- archive\research\CONSOLIDATED_STRATEGY.md
  CONSOLIDATED_DEBUG.md <- archive\diagnostics\docs\CONSOLIDATED_DEBUG.md
  Moved 6 CONSOLIDATED_*.md files to docs/

  Note: file-organizer CONSOLIDATED files stay in project archive:
  [OK] CONSOLIDATED_DEBUG.md in .autonomous_runs\file-organizer-app-v1\archive\reports\CONSOLIDATED_DEBUG.md
  [OK] CONSOLIDATED_RESEARCH.md in .autonomous_runs\file-organizer-app-v1\archive\research\CONSOLIDATED_RESEARCH.md

[4.3] ARCHIVE_INDEX.md - Verifying auto-generated index
  [OK] ARCHIVE_INDEX.md exists at archive/reports/
       (Auto-generated by scripts/consolidate_docs.py)

[4.4] Ruleset & Config Files - Status check
  Note: These are auto-updated by various Autopack scripts
        Phase 1 will move them from root to docs/
  [OK] project_ruleset_Autopack.json in docs/ - Project-wide rules (auto-updated)
  [OK] project_issue_backlog.json in docs/ - Issue backlog (auto-updated)
  [OK] autopack_phase_plan.json in docs/ - Phase plan (auto-updated)

[4.5] File-Organizer Project - Verifying truth sources
  [OK] README.md exists at .autonomous_runs/file-organizer-app-v1/
  [OK] ARCHITECTURE.md exists in docs/
  [MISSING] WHATS_LEFT_TO_BUILD.md

[4.6] Documentation status summary

  Autopack docs/ status:
    [OK] SETUP_GUIDE.md
    [OK] DEPLOYMENT_GUIDE.md
    [MISSING] ARCHITECTURE.md (may never have existed)
    [MISSING] API_REFERENCE.md (may never have existed)
    [MISSING] CONTRIBUTING.md (may never have existed)

[PHASE 4] Restored 0 truth source files from archive

[GIT] Created checkpoint: cleanup-v2: phase 4 - restore truth source documentation

================================================================================
VALIDATION: V2 STRUCTURE CHECK
================================================================================
[OK] No archive/src/ folder
    - general
    - scope-smoke-20251206184302
    - start
    - tidy_activity.log
[OK] checkpoints/ renamed or doesn't exist
[OK] Truth source .md files moved to docs/
[OK] All ruleset files moved to docs/
[OK] All required truth sources present in docs/
[OK] file-organizer docs have truth sources
[OK] Diagnostic data folder correct
[OK] API specs moved to docs/api/

================================================================================
VALIDATION: [X] ISSUES FOUND
  [X] 4 ungrouped runs in diagnostics/runs/

WARNINGS:
  [!] Nice-to-have docs missing: ARCHITECTURE.md, API_REFERENCE.md, CONTRIBUTING.md

================================================================================
CLEANUP V2 COMPLETE
================================================================================

[!] Some issues remain - review output above

================================================================================
EXECUTING CLEANUP V2
================================================================================

================================================================================
PHASE 1: ROOT DIRECTORY CLEANUP - CONSOLIDATE TO docs/
================================================================================

[1.1] Moving truth source .md files to docs/

[1.2] Moving ruleset/config .json files to docs/

[1.3] Moving API specifications to docs/api/

[1.4] Moving diagnostic data to archive/diagnostics/

[1.5] Archiving obsolete documentation files

[PHASE 1] Summary:
  - Moved 0 truth source .md files to docs/
  - Moved 0 ruleset .json files to docs/
  - Moved 0 API specs to docs/api/
  - Moved 0 diagnostic files to archive/
  - Archived 0 obsolete docs
  NOTE: Root README.md stays as quick-start (will link to docs/README.md)

[GIT] Created checkpoint: cleanup-v2: phase 1 - organize root directory files

================================================================================
PHASE 2: ARCHIVE RESTRUCTURING
================================================================================

[2.1] Handling archive/src/
  [SKIP] archive/src/ does not exist

[2.2] Grouping runs by project
  Moved 0 file-organizer runs

  [2.2.1] Flattening nested folders

[2.3] Flattening superseded nested structures

[2.4] Renaming diagnostic data folder
  [SKIP] Already renamed or doesn't exist

[PHASE 2] Complete

[GIT] No changes to commit

================================================================================
PHASE 3: .AUTONOMOUS_RUNS CLEANUP
================================================================================

[3.1] Renaming checkpoints folder
  [SKIP] Already renamed or doesn't exist

[3.2] Consolidating file-organizer truth sources to docs/
  README.md exists in both locations - keeping docs/ version
  [OK] project_learned_rules.json already in docs/
  Moving autopack_phase_plan.json to docs/ (Phase plan)
  Moving plan_maintenance.json to docs/ (Maintenance plan)
  Moving plan_maintenance_clean.json to docs/ (Clean maintenance plan)
  Moving plan_task7.json to docs/ (Task 7 plan)
  Moving rules_updated.json to docs/ (Updated rules)
  Moved 5 SOT files to file-organizer docs/

[3.3] Handling Autopack folder

[PHASE 3] Complete

[GIT] Created checkpoint: cleanup-v2: phase 3 - clean .autonomous_runs

================================================================================
PHASE 4: RESTORE TRUTH SOURCE DOCUMENTATION
================================================================================

[4.1] Autopack Documentation - Restoring archived truth sources
  [SKIP] DEPLOYMENT_GUIDE.md already in docs/

[4.2] CONSOLIDATED_*.md Files - Moving to docs/ for easy access
  Note: These are frequently-referenced living documents
        Moving from archive/reports/ and archive/research/ to docs/
  [SKIP] CONSOLIDATED_CORRESPONDENCE.md already in docs/
  [SKIP] CONSOLIDATED_MISC.md already in docs/
  [SKIP] CONSOLIDATED_REFERENCE.md already in docs/
  [SKIP] CONSOLIDATED_RESEARCH.md already in docs/
  [SKIP] CONSOLIDATED_STRATEGY.md already in docs/
  [SKIP] CONSOLIDATED_DEBUG.md already in docs/
  Moved 0 CONSOLIDATED_*.md files to docs/

  Note: file-organizer CONSOLIDATED files stay in project archive:
  [OK] CONSOLIDATED_DEBUG.md in .autonomous_runs\file-organizer-app-v1\archive\reports\CONSOLIDATED_DEBUG.md
  [OK] CONSOLIDATED_RESEARCH.md in .autonomous_runs\file-organizer-app-v1\archive\research\CONSOLIDATED_RESEARCH.md

[4.3] ARCHIVE_INDEX.md - Verifying auto-generated index
  [OK] ARCHIVE_INDEX.md exists at archive/reports/
       (Auto-generated by scripts/consolidate_docs.py)

[4.4] Ruleset & Config Files - Status check
  Note: These are auto-updated by various Autopack scripts
        Phase 1 will move them from root to docs/
  [OK] project_ruleset_Autopack.json in docs/ - Project-wide rules (auto-updated)
  [OK] project_issue_backlog.json in docs/ - Issue backlog (auto-updated)
  [OK] autopack_phase_plan.json in docs/ - Phase plan (auto-updated)

[4.5] File-Organizer Project - Verifying truth sources
  [OK] README.md exists at .autonomous_runs/file-organizer-app-v1/
  [OK] ARCHITECTURE.md exists in docs/
  [MISSING] WHATS_LEFT_TO_BUILD.md

[4.6] Documentation status summary

  Autopack docs/ status:
    [OK] SETUP_GUIDE.md
    [OK] DEPLOYMENT_GUIDE.md
    [MISSING] ARCHITECTURE.md (may never have existed)
    [MISSING] API_REFERENCE.md (may never have existed)
    [MISSING] CONTRIBUTING.md (may never have existed)

[PHASE 4] Restored 0 truth source files from archive

[GIT] No changes to commit

================================================================================
PHASE 5: ORGANIZE CLEANUP DOCUMENTATION & SCRIPTS
================================================================================

[5.1] Grouping cleanup documentation in archive/reports/tidy_v7/
  CLEANUP_V2_SUMMARY.md -> archive/reports/tidy_v7/
  CONSOLIDATION_TO_DOCS_SUMMARY.md -> archive/reports/tidy_v7/
  DOCS_CONSOLIDATION_COMPLETE.md -> archive/reports/tidy_v7/
  FILE_RELOCATION_MAP.md -> archive/reports/tidy_v7/
  IMPLEMENTATION_PLAN_CLEANUP_V2.md -> archive/reports/tidy_v7/
  WORKSPACE_ISSUES_ANALYSIS.md -> archive/reports/tidy_v7/
  PROPOSED_CLEANUP_STRUCTURE_V2.md -> archive/reports/tidy_v7/
  Grouped 7 cleanup documents

[5.2] Grouping tidy/cleanup scripts in scripts/tidy/
  tidy_workspace.py -> scripts/tidy/
  tidy_docs.py -> scripts/tidy/
  tidy_logger.py -> scripts/tidy/
  run_tidy_all.py -> scripts/tidy/
  corrective_cleanup.py -> scripts/tidy/
  [SKIP] corrective_cleanup_v2.py (currently running - move manually after)
  comprehensive_cleanup.py -> scripts/tidy/
  Grouped 6 tidy/cleanup scripts

[PHASE 5] Complete

[GIT] Created checkpoint: cleanup-v2: phase 5 - organize cleanup documentation and scripts

================================================================================
VALIDATION: V2 STRUCTURE CHECK
================================================================================
[OK] No archive/src/ folder
    - general
    - scope-smoke-20251206184302
    - start
    - tidy_activity.log
[OK] checkpoints/ renamed or doesn't exist
[OK] Truth source .md files moved to docs/
[OK] All ruleset files moved to docs/
[OK] All required truth sources present in docs/
[OK] file-organizer docs have truth sources
[OK] Diagnostic data folder correct
[OK] API specs moved to docs/api/

================================================================================
VALIDATION: [X] ISSUES FOUND
  [X] 4 ungrouped runs in diagnostics/runs/

WARNINGS:
  [!] Nice-to-have docs missing: ARCHITECTURE.md, API_REFERENCE.md, CONTRIBUTING.md

================================================================================
CLEANUP V2 COMPLETE
================================================================================

[!] Some issues remain - review output above
